
> proposal-prepper@0.1.0 build-storybook /Users/afla/Documents/GitHub/proposal-prepper-legacy
> storybook build --output-dir=/var/folders/gv/_q9v34b10f70858ngmstqn840000gn/T/chromatic--74608-FNnI1J0WXdO2


[90m┌[39m  Building storybook v10.1.8
[90m│[39m
[32m◇[39m  Cleaning outputDir:
[90m│[39m  [36m../../../../../var/folders/gv/_q9v34b10f70858ngmstqn840000gn/T/chromatic--74608-FNnI1J0WXdO2[39m
[90m│[39m
[32m◇[39m  Loading presets
[90m│[39m
[33m▲[39m  Could not resolve addon "@storybook/addon-essentials", skipping. Is it
[90m│[39m  installed?
[90m│[39m
[33m▲[39m  Could not resolve addon "@storybook/addon-essentials", skipping. Is it
[90m│[39m  installed?
[90m│[39m
[32m◇[39m  Building manager..
[90m│[39m
[34m●[39m  Building preview..
[90m│[39m
[33m▲[39m  No story files found for the specified pattern: [34msrc/**/*.mdx[39m
[90m│[39m  [43mVite[49m [36mvite v7.2.7 [32mbuilding client environment for production...[36m[39m
[90m│[39m  [43mVite[49m transforming...
[90m│[39m
[33m▲[39m  [43mVite[49m
[90m│[39m  [33mnode_modules/.pnpm/@17sierra+ui@0.2.5_@types+react-dom@19.2.3_@types+react@19.2.7__@types+react@19.2.7_rea_bff31ee3cb8c4d9acca46be2761aafb7/node_modules/@17sierra/ui/dist/index.js[39m
[90m│[39m  [33m(1:0): Module level directives cause errors when bundled, "use client"[39m
[90m│[39m  [33min[39m
[90m│[39m  [33m"node_modules/.pnpm/@17sierra+ui@0.2.5_@types+react-dom@19.2.3_@types+react@19.2.7__@types+react@19.2.7_rea_bff31ee3cb8c4d9acca46be2761aafb7/node_modules/@17sierra/ui/dist/index.js"[39m
[90m│[39m  [33mwas ignored.[39m
[90m│[39m
[33m▲[39m  [43mVite[49m [33msrc/components/layout/top-bar.tsx (1:0): Error when using[39m
[90m│[39m  [33msourcemap for reporting an error: Can't resolve original location of[39m
[90m│[39m  [33merror.[39m
[90m│[39m
[33m▲[39m  [43mVite[49m [33msrc/components/layout/top-bar.tsx (1:0): Module level directives[39m
[90m│[39m  [33mcause errors when bundled, "use client" in[39m
[90m│[39m  [33m"src/components/layout/top-bar.tsx" was ignored.[39m
[90m│[39m
[33m▲[39m  [43mVite[49m [33msrc/components/reports/report-preview.tsx (1:0): Error when using[39m
[90m│[39m  [33msourcemap for reporting an error: Can't resolve original location of[39m
[90m│[39m  [33merror.[39m
[90m│[39m
[33m▲[39m  [43mVite[49m [33msrc/components/reports/report-preview.tsx (1:0): Module level[39m
[90m│[39m  [33mdirectives cause errors when bundled, "use client" in[39m
[90m│[39m  [33m"src/components/reports/report-preview.tsx" was ignored.[39m
[90m│[39m
[33m▲[39m  [43mVite[49m [33msrc/components/layout/sidebar.tsx (1:0): Error when using[39m
[90m│[39m  [33msourcemap for reporting an error: Can't resolve original location of[39m
[90m│[39m  [33merror.[39m
[90m│[39m
[33m▲[39m  [43mVite[49m [33msrc/components/layout/sidebar.tsx (1:0): Module level directives[39m
[90m│[39m  [33mcause errors when bundled, "use client" in[39m
[90m│[39m  [33m"src/components/layout/sidebar.tsx" was ignored.[39m
[90m│[39m
[33m▲[39m  [43mVite[49m [33msrc/components/layout/app-header.tsx (1:0): Error when using[39m
[90m│[39m  [33msourcemap for reporting an error: Can't resolve original location of[39m
[90m│[39m  [33merror.[39m
[90m│[39m
[33m▲[39m  [43mVite[49m [33msrc/components/layout/app-header.tsx (1:0): Module level[39m
[90m│[39m  [33mdirectives cause errors when bundled, "use client" in[39m
[90m│[39m  [33m"src/components/layout/app-header.tsx" was ignored.[39m
[90m│[39m
[33m▲[39m  [43mVite[49m [33msrc/components/results/results-presenter.tsx (1:0): Error when[39m
[90m│[39m  [33musing sourcemap for reporting an error: Can't resolve original[39m
[90m│[39m  [33mlocation of error.[39m
[90m│[39m
[33m▲[39m  [43mVite[49m [33msrc/components/results/results-presenter.tsx (1:0): Module level[39m
[90m│[39m  [33mdirectives cause errors when bundled, "use client" in[39m
[90m│[39m  [33m"src/components/results/results-presenter.tsx" was ignored.[39m
[90m│[39m
[33m▲[39m  [43mVite[49m [33msrc/components/shared/analysis-steps.tsx (1:0): Error when using[39m
[90m│[39m  [33msourcemap for reporting an error: Can't resolve original location of[39m
[90m│[39m  [33merror.[39m
[90m│[39m
[33m▲[39m  [43mVite[49m [33msrc/components/shared/analysis-steps.tsx (1:0): Module level[39m
[90m│[39m  [33mdirectives cause errors when bundled, "use client" in[39m
[90m│[39m  [33m"src/components/shared/analysis-steps.tsx" was ignored.[39m
[90m│[39m
[33m▲[39m  [43mVite[49m [33msrc/components/layout/two-panel-layout.tsx (1:0): Error when[39m
[90m│[39m  [33musing sourcemap for reporting an error: Can't resolve original[39m
[90m│[39m  [33mlocation of error.[39m
[90m│[39m
[33m▲[39m  [43mVite[49m [33msrc/components/layout/two-panel-layout.tsx (1:0): Module level[39m
[90m│[39m  [33mdirectives cause errors when bundled, "use client" in[39m
[90m│[39m  [33m"src/components/layout/two-panel-layout.tsx" was ignored.[39m
[90m│[39m
[33m▲[39m  [43mVite[49m [33msrc/components/agent/agent-interface.tsx (1:0): Error when using[39m
[90m│[39m  [33msourcemap for reporting an error: Can't resolve original location of[39m
[90m│[39m  [33merror.[39m
[90m│[39m
[33m▲[39m  [43mVite[49m [33msrc/components/agent/agent-interface.tsx (1:0): Module level[39m
[90m│[39m  [33mdirectives cause errors when bundled, "use client" in[39m
[90m│[39m  [33m"src/components/agent/agent-interface.tsx" was ignored.[39m
[90m│[39m
[33m▲[39m  [43mVite[49m [33msrc/components/shared/chat-input.tsx (1:0): Error when using[39m
[90m│[39m  [33msourcemap for reporting an error: Can't resolve original location of[39m
[90m│[39m  [33merror.[39m
[90m│[39m
[33m▲[39m  [43mVite[49m [33msrc/components/shared/chat-input.tsx (1:0): Module level[39m
[90m│[39m  [33mdirectives cause errors when bundled, "use client" in[39m
[90m│[39m  [33m"src/components/shared/chat-input.tsx" was ignored.[39m
[90m│[39m
[33m▲[39m  [43mVite[49m [33msrc/components/upload/upload-manager.tsx (1:0): Error when using[39m
[90m│[39m  [33msourcemap for reporting an error: Can't resolve original location of[39m
[90m│[39m  [33merror.[39m
[90m│[39m
[33m▲[39m  [43mVite[49m [33msrc/components/upload/upload-manager.tsx (1:0): Module level[39m
[90m│[39m  [33mdirectives cause errors when bundled, "use client" in[39m
[90m│[39m  [33m"src/components/upload/upload-manager.tsx" was ignored.[39m
[90m│[39m
[33m▲[39m  [43mVite[49m
[90m│[39m  [33mnode_modules/.pnpm/@radix-ui+react-accordion@1.2.12_@types+react-dom@19.2.3_@types+react@19.2.7__@types+re_26c96a0930211c0ce3a372f1eec3026b/node_modules/@radix-ui/react-accordion/dist/index.mjs[39m
[90m│[39m  [33m(1:0): Module level directives cause errors when bundled, "use client"[39m
[90m│[39m  [33min[39m
[90m│[39m  [33m"node_modules/.pnpm/@radix-ui+react-accordion@1.2.12_@types+react-dom@19.2.3_@types+react@19.2.7__@types+re_26c96a0930211c0ce3a372f1eec3026b/node_modules/@radix-ui/react-accordion/dist/index.mjs"[39m
[90m│[39m  [33mwas ignored.[39m
[90m│[39m
[33m▲[39m  [43mVite[49m
[90m│[39m  [33mnode_modules/.pnpm/@radix-ui+react-alert-dialog@1.1.15_@types+react-dom@19.2.3_@types+react@19.2.7__@types_37be457e4830835f971c47f52979f59d/node_modules/@radix-ui/react-alert-dialog/dist/index.mjs[39m
[90m│[39m  [33m(1:0): Module level directives cause errors when bundled, "use client"[39m
[90m│[39m  [33min[39m
[90m│[39m  [33m"node_modules/.pnpm/@radix-ui+react-alert-dialog@1.1.15_@types+react-dom@19.2.3_@types+react@19.2.7__@types_37be457e4830835f971c47f52979f59d/node_modules/@radix-ui/react-alert-dialog/dist/index.mjs"[39m
[90m│[39m  [33mwas ignored.[39m
[90m│[39m
[33m▲[39m  [43mVite[49m
[90m│[39m  [33mnode_modules/.pnpm/@radix-ui+react-avatar@1.1.11_@types+react-dom@19.2.3_@types+react@19.2.7__@types+react_cea228018a2b8cb6c2f671b3f24f4d51/node_modules/@radix-ui/react-avatar/dist/index.mjs[39m
[90m│[39m  [33m(1:0): Module level directives cause errors when bundled, "use client"[39m
[90m│[39m  [33min[39m
[90m│[39m  [33m"node_modules/.pnpm/@radix-ui+react-avatar@1.1.11_@types+react-dom@19.2.3_@types+react@19.2.7__@types+react_cea228018a2b8cb6c2f671b3f24f4d51/node_modules/@radix-ui/react-avatar/dist/index.mjs"[39m
[90m│[39m  [33mwas ignored.[39m
[90m│[39m
[33m▲[39m  [43mVite[49m
[90m│[39m  [33mnode_modules/.pnpm/@radix-ui+react-dialog@1.1.15_@types+react-dom@19.2.3_@types+react@19.2.7__@types+react_66d7d575cbd072ce29e52afb89085e9d/node_modules/@radix-ui/react-dialog/dist/index.mjs[39m
[90m│[39m  [33m(1:0): Module level directives cause errors when bundled, "use client"[39m
[90m│[39m  [33min[39m
[90m│[39m  [33m"node_modules/.pnpm/@radix-ui+react-dialog@1.1.15_@types+react-dom@19.2.3_@types+react@19.2.7__@types+react_66d7d575cbd072ce29e52afb89085e9d/node_modules/@radix-ui/react-dialog/dist/index.mjs"[39m
[90m│[39m  [33mwas ignored.[39m
[90m│[39m
[33m▲[39m  [43mVite[49m
[90m│[39m  [33mnode_modules/.pnpm/@radix-ui+react-checkbox@1.3.3_@types+react-dom@19.2.3_@types+react@19.2.7__@types+reac_ccf89787226554b3d28cde83d8fb6c5c/node_modules/@radix-ui/react-checkbox/dist/index.mjs[39m
[90m│[39m  [33m(1:0): Module level directives cause errors when bundled, "use client"[39m
[90m│[39m  [33min[39m
[90m│[39m  [33m"node_modules/.pnpm/@radix-ui+react-checkbox@1.3.3_@types+react-dom@19.2.3_@types+react@19.2.7__@types+reac_ccf89787226554b3d28cde83d8fb6c5c/node_modules/@radix-ui/react-checkbox/dist/index.mjs"[39m
[90m│[39m  [33mwas ignored.[39m
[90m│[39m
[33m▲[39m  [43mVite[49m
[90m│[39m  [33mnode_modules/.pnpm/@radix-ui+react-collapsible@1.1.12_@types+react-dom@19.2.3_@types+react@19.2.7__@types+_8d17d0d613caa2864062459051ff6aff/node_modules/@radix-ui/react-collapsible/dist/index.mjs[39m
[90m│[39m  [33m(1:0): Module level directives cause errors when bundled, "use client"[39m
[90m│[39m  [33min[39m
[90m│[39m  [33m"node_modules/.pnpm/@radix-ui+react-collapsible@1.1.12_@types+react-dom@19.2.3_@types+react@19.2.7__@types+_8d17d0d613caa2864062459051ff6aff/node_modules/@radix-ui/react-collapsible/dist/index.mjs"[39m
[90m│[39m  [33mwas ignored.[39m
[90m│[39m
[33m▲[39m  [43mVite[49m
[90m│[39m  [33mnode_modules/.pnpm/@radix-ui+react-label@2.1.8_@types+react-dom@19.2.3_@types+react@19.2.7__@types+react@1_beedc72a2764f9caff1514ef9155b3f3/node_modules/@radix-ui/react-label/dist/index.mjs[39m
[90m│[39m  [33m(1:0): Module level directives cause errors when bundled, "use client"[39m
[90m│[39m  [33min[39m
[90m│[39m  [33m"node_modules/.pnpm/@radix-ui+react-label@2.1.8_@types+react-dom@19.2.3_@types+react@19.2.7__@types+react@1_beedc72a2764f9caff1514ef9155b3f3/node_modules/@radix-ui/react-label/dist/index.mjs"[39m
[90m│[39m  [33mwas ignored.[39m
[90m│[39m
[33m▲[39m  [43mVite[49m
[90m│[39m  [33mnode_modules/.pnpm/@radix-ui+react-tooltip@1.2.8_@types+react-dom@19.2.3_@types+react@19.2.7__@types+react_61903d443f318e235810cb4023b9ffb4/node_modules/@radix-ui/react-tooltip/dist/index.mjs[39m
[90m│[39m  [33m(1:0): Module level directives cause errors when bundled, "use client"[39m
[90m│[39m  [33min[39m
[90m│[39m  [33m"node_modules/.pnpm/@radix-ui+react-tooltip@1.2.8_@types+react-dom@19.2.3_@types+react@19.2.7__@types+react_61903d443f318e235810cb4023b9ffb4/node_modules/@radix-ui/react-tooltip/dist/index.mjs"[39m
[90m│[39m  [33mwas ignored.[39m
[90m│[39m
[33m▲[39m  [43mVite[49m
[90m│[39m  [33mnode_modules/.pnpm/@radix-ui+react-progress@1.1.8_@types+react-dom@19.2.3_@types+react@19.2.7__@types+reac_5505d88703462eaf7471a0554a618a99/node_modules/@radix-ui/react-progress/dist/index.mjs[39m
[90m│[39m  [33m(1:0): Module level directives cause errors when bundled, "use client"[39m
[90m│[39m  [33min[39m
[90m│[39m  [33m"node_modules/.pnpm/@radix-ui+react-progress@1.1.8_@types+react-dom@19.2.3_@types+react@19.2.7__@types+reac_5505d88703462eaf7471a0554a618a99/node_modules/@radix-ui/react-progress/dist/index.mjs"[39m
[90m│[39m  [33mwas ignored.[39m
[90m│[39m
[33m▲[39m  [43mVite[49m
[90m│[39m  [33mnode_modules/.pnpm/@radix-ui+react-popover@1.1.15_@types+react-dom@19.2.3_@types+react@19.2.7__@types+reac_aba36e289011c7efa5498b0a55e1bb01/node_modules/@radix-ui/react-popover/dist/index.mjs[39m
[90m│[39m  [33m(1:0): Module level directives cause errors when bundled, "use client"[39m
[90m│[39m  [33min[39m
[90m│[39m  [33m"node_modules/.pnpm/@radix-ui+react-popover@1.1.15_@types+react-dom@19.2.3_@types+react@19.2.7__@types+reac_aba36e289011c7efa5498b0a55e1bb01/node_modules/@radix-ui/react-popover/dist/index.mjs"[39m
[90m│[39m  [33mwas ignored.[39m
[90m│[39m
[33m▲[39m  [43mVite[49m
[90m│[39m  [33mnode_modules/.pnpm/@radix-ui+react-dropdown-menu@2.1.16_@types+react-dom@19.2.3_@types+react@19.2.7__@type_9ae99dbb567afdb87068bf276cfbb7a7/node_modules/@radix-ui/react-dropdown-menu/dist/index.mjs[39m
[90m│[39m  [33m(1:0): Module level directives cause errors when bundled, "use client"[39m
[90m│[39m  [33min[39m
[90m│[39m  [33m"node_modules/.pnpm/@radix-ui+react-dropdown-menu@2.1.16_@types+react-dom@19.2.3_@types+react@19.2.7__@type_9ae99dbb567afdb87068bf276cfbb7a7/node_modules/@radix-ui/react-dropdown-menu/dist/index.mjs"[39m
[90m│[39m  [33mwas ignored.[39m
[90m│[39m
[33m▲[39m  [43mVite[49m
[90m│[39m  [33mnode_modules/.pnpm/@radix-ui+react-radio-group@1.3.8_@types+react-dom@19.2.3_@types+react@19.2.7__@types+r_c4a54fcff3cc0b4d1ba54f132706f2c8/node_modules/@radix-ui/react-radio-group/dist/index.mjs[39m
[90m│[39m  [33m(1:0): Module level directives cause errors when bundled, "use client"[39m
[90m│[39m  [33min[39m
[90m│[39m  [33m"node_modules/.pnpm/@radix-ui+react-radio-group@1.3.8_@types+react-dom@19.2.3_@types+react@19.2.7__@types+r_c4a54fcff3cc0b4d1ba54f132706f2c8/node_modules/@radix-ui/react-radio-group/dist/index.mjs"[39m
[90m│[39m  [33mwas ignored.[39m
[90m│[39m
[33m▲[39m  [43mVite[49m
[90m│[39m  [33mnode_modules/.pnpm/@radix-ui+react-scroll-area@1.2.10_@types+react-dom@19.2.3_@types+react@19.2.7__@types+_83513ace0c6bc4c2954fbf1b3c88dbc4/node_modules/@radix-ui/react-scroll-area/dist/index.mjs[39m
[90m│[39m  [33m(1:0): Module level directives cause errors when bundled, "use client"[39m
[90m│[39m  [33min[39m
[90m│[39m  [33m"node_modules/.pnpm/@radix-ui+react-scroll-area@1.2.10_@types+react-dom@19.2.3_@types+react@19.2.7__@types+_83513ace0c6bc4c2954fbf1b3c88dbc4/node_modules/@radix-ui/react-scroll-area/dist/index.mjs"[39m
[90m│[39m  [33mwas ignored.[39m
[90m│[39m
[33m▲[39m  [43mVite[49m
[90m│[39m  [33mnode_modules/.pnpm/@radix-ui+react-tabs@1.1.13_@types+react-dom@19.2.3_@types+react@19.2.7__@types+react@1_dc861e27c2a200eb839e0d3bcc9fb0d9/node_modules/@radix-ui/react-tabs/dist/index.mjs[39m
[90m│[39m  [33m(1:0): Module level directives cause errors when bundled, "use client"[39m
[90m│[39m  [33min[39m
[90m│[39m  [33m"node_modules/.pnpm/@radix-ui+react-tabs@1.1.13_@types+react-dom@19.2.3_@types+react@19.2.7__@types+react@1_dc861e27c2a200eb839e0d3bcc9fb0d9/node_modules/@radix-ui/react-tabs/dist/index.mjs"[39m
[90m│[39m  [33mwas ignored.[39m
[90m│[39m
[33m▲[39m  [43mVite[49m
[90m│[39m  [33mnode_modules/.pnpm/@radix-ui+react-slider@1.3.6_@types+react-dom@19.2.3_@types+react@19.2.7__@types+react@_7f0f878c1e32b7f0474f4e44c46cc0b2/node_modules/@radix-ui/react-slider/dist/index.mjs[39m
[90m│[39m  [33m(1:0): Module level directives cause errors when bundled, "use client"[39m
[90m│[39m  [33min[39m
[90m│[39m  [33m"node_modules/.pnpm/@radix-ui+react-slider@1.3.6_@types+react-dom@19.2.3_@types+react@19.2.7__@types+react@_7f0f878c1e32b7f0474f4e44c46cc0b2/node_modules/@radix-ui/react-slider/dist/index.mjs"[39m
[90m│[39m  [33mwas ignored.[39m
[90m│[39m
[33m▲[39m  [43mVite[49m
[90m│[39m  [33mnode_modules/.pnpm/@radix-ui+react-select@2.2.6_@types+react-dom@19.2.3_@types+react@19.2.7__@types+react@_b9a2ec348a0f89e707b9c4c0f4d8a06d/node_modules/@radix-ui/react-select/dist/index.mjs[39m
[90m│[39m  [33m(1:0): Module level directives cause errors when bundled, "use client"[39m
[90m│[39m  [33min[39m
[90m│[39m  [33m"node_modules/.pnpm/@radix-ui+react-select@2.2.6_@types+react-dom@19.2.3_@types+react@19.2.7__@types+react@_b9a2ec348a0f89e707b9c4c0f4d8a06d/node_modules/@radix-ui/react-select/dist/index.mjs"[39m
[90m│[39m  [33mwas ignored.[39m
[90m│[39m
[33m▲[39m  [43mVite[49m
[90m│[39m  [33mnode_modules/.pnpm/@radix-ui+react-menubar@1.1.16_@types+react-dom@19.2.3_@types+react@19.2.7__@types+reac_81c484fb3e90f8152accb66f021f6740/node_modules/@radix-ui/react-menubar/dist/index.mjs[39m
[90m│[39m  [33m(1:0): Module level directives cause errors when bundled, "use client"[39m
[90m│[39m  [33min[39m
[90m│[39m  [33m"node_modules/.pnpm/@radix-ui+react-menubar@1.1.16_@types+react-dom@19.2.3_@types+react@19.2.7__@types+reac_81c484fb3e90f8152accb66f021f6740/node_modules/@radix-ui/react-menubar/dist/index.mjs"[39m
[90m│[39m  [33mwas ignored.[39m
[90m│[39m
[33m▲[39m  [43mVite[49m [33msrc/components/analysis/analysis-coordinator.tsx (1:0): Error[39m
[90m│[39m  [33mwhen using sourcemap for reporting an error: Can't resolve original[39m
[90m│[39m  [33mlocation of error.[39m
[90m│[39m
[33m▲[39m  [43mVite[49m [33msrc/components/analysis/analysis-coordinator.tsx (1:0): Module[39m
[90m│[39m  [33mlevel directives cause errors when bundled, "use client" in[39m
[90m│[39m  [33m"src/components/analysis/analysis-coordinator.tsx" was ignored.[39m
[90m│[39m
[33m▲[39m  [43mVite[49m
[90m│[39m  [33mnode_modules/.pnpm/@radix-ui+react-switch@1.2.6_@types+react-dom@19.2.3_@types+react@19.2.7__@types+react@_59174930405145abcf9f3e2ca1e923f1/node_modules/@radix-ui/react-switch/dist/index.mjs[39m
[90m│[39m  [33m(1:0): Module level directives cause errors when bundled, "use client"[39m
[90m│[39m  [33min[39m
[90m│[39m  [33m"node_modules/.pnpm/@radix-ui+react-switch@1.2.6_@types+react-dom@19.2.3_@types+react@19.2.7__@types+react@_59174930405145abcf9f3e2ca1e923f1/node_modules/@radix-ui/react-switch/dist/index.mjs"[39m
[90m│[39m  [33mwas ignored.[39m
[90m│[39m
[33m▲[39m  [43mVite[49m
[90m│[39m  [33mnode_modules/.pnpm/@radix-ui+react-toast@1.2.15_@types+react-dom@19.2.3_@types+react@19.2.7__@types+react@_fdb6dcc56d4185e54b4beeb11b8df18d/node_modules/@radix-ui/react-toast/dist/index.mjs[39m
[90m│[39m  [33m(1:0): Module level directives cause errors when bundled, "use client"[39m
[90m│[39m  [33min[39m
[90m│[39m  [33m"node_modules/.pnpm/@radix-ui+react-toast@1.2.15_@types+react-dom@19.2.3_@types+react@19.2.7__@types+react@_fdb6dcc56d4185e54b4beeb11b8df18d/node_modules/@radix-ui/react-toast/dist/index.mjs"[39m
[90m│[39m  [33mwas ignored.[39m
[90m│[39m
[33m▲[39m  [43mVite[49m [33msrc/components/upload/upload-workflow.tsx (1:0): Error when using[39m
[90m│[39m  [33msourcemap for reporting an error: Can't resolve original location of[39m
[90m│[39m  [33merror.[39m
[90m│[39m
[33m▲[39m  [43mVite[49m [33msrc/components/upload/upload-workflow.tsx (1:0): Module level[39m
[90m│[39m  [33mdirectives cause errors when bundled, "use client" in[39m
[90m│[39m  [33m"src/components/upload/upload-workflow.tsx" was ignored.[39m
[90m│[39m
[33m▲[39m  [43mVite[49m
[90m│[39m  [33mnode_modules/.pnpm/@radix-ui+react-collection@1.1.7_@types+react-dom@19.2.3_@types+react@19.2.7__@types+re_51f38897cc3aa0a11933866657bdcfb1/node_modules/@radix-ui/react-collection/dist/index.mjs[39m
[90m│[39m  [33m(1:0): Module level directives cause errors when bundled, "use client"[39m
[90m│[39m  [33min[39m
[90m│[39m  [33m"node_modules/.pnpm/@radix-ui+react-collection@1.1.7_@types+react-dom@19.2.3_@types+react@19.2.7__@types+re_51f38897cc3aa0a11933866657bdcfb1/node_modules/@radix-ui/react-collection/dist/index.mjs"[39m
[90m│[39m  [33mwas ignored.[39m
[90m│[39m
[33m▲[39m  [43mVite[49m
[90m│[39m  [33mnode_modules/.pnpm/@radix-ui+react-dismissable-layer@1.1.11_@types+react-dom@19.2.3_@types+react@19.2.7__@_d3b8d348a25db9227f3697eddbb26378/node_modules/@radix-ui/react-dismissable-layer/dist/index.mjs[39m
[90m│[39m  [33m(1:0): Module level directives cause errors when bundled, "use client"[39m
[90m│[39m  [33min[39m
[90m│[39m  [33m"node_modules/.pnpm/@radix-ui+react-dismissable-layer@1.1.11_@types+react-dom@19.2.3_@types+react@19.2.7__@_d3b8d348a25db9227f3697eddbb26378/node_modules/@radix-ui/react-dismissable-layer/dist/index.mjs"[39m
[90m│[39m  [33mwas ignored.[39m
[90m│[39m
[33m▲[39m  [43mVite[49m
[90m│[39m  [33mnode_modules/.pnpm/@radix-ui+react-presence@1.1.5_@types+react-dom@19.2.3_@types+react@19.2.7__@types+reac_90b29b5754215655309320557426a63a/node_modules/@radix-ui/react-presence/dist/index.mjs[39m
[90m│[39m  [33m(1:0): Module level directives cause errors when bundled, "use client"[39m
[90m│[39m  [33min[39m
[90m│[39m  [33m"node_modules/.pnpm/@radix-ui+react-presence@1.1.5_@types+react-dom@19.2.3_@types+react@19.2.7__@types+reac_90b29b5754215655309320557426a63a/node_modules/@radix-ui/react-presence/dist/index.mjs"[39m
[90m│[39m  [33mwas ignored.[39m
[90m│[39m
[33m▲[39m  [43mVite[49m
[90m│[39m  [33mnode_modules/.pnpm/@radix-ui+react-portal@1.1.9_@types+react-dom@19.2.3_@types+react@19.2.7__@types+react@_7645cc20debbdc3166db2ed8e9fd2af5/node_modules/@radix-ui/react-portal/dist/index.mjs[39m
[90m│[39m  [33m(1:0): Module level directives cause errors when bundled, "use client"[39m
[90m│[39m  [33min[39m
[90m│[39m  [33m"node_modules/.pnpm/@radix-ui+react-portal@1.1.9_@types+react-dom@19.2.3_@types+react@19.2.7__@types+react@_7645cc20debbdc3166db2ed8e9fd2af5/node_modules/@radix-ui/react-portal/dist/index.mjs"[39m
[90m│[39m  [33mwas ignored.[39m
[90m│[39m
[33m▲[39m  [43mVite[49m
[90m│[39m  [33mnode_modules/.pnpm/@radix-ui+react-focus-scope@1.1.7_@types+react-dom@19.2.3_@types+react@19.2.7__@types+r_4bc0a4f7a0f317379d2e6b46c577ea20/node_modules/@radix-ui/react-focus-scope/dist/index.mjs[39m
[90m│[39m  [33m(1:0): Module level directives cause errors when bundled, "use client"[39m
[90m│[39m  [33min[39m
[90m│[39m  [33m"node_modules/.pnpm/@radix-ui+react-focus-scope@1.1.7_@types+react-dom@19.2.3_@types+react@19.2.7__@types+r_4bc0a4f7a0f317379d2e6b46c577ea20/node_modules/@radix-ui/react-focus-scope/dist/index.mjs"[39m
[90m│[39m  [33mwas ignored.[39m
[90m│[39m
[33m▲[39m  [43mVite[49m
[90m│[39m  [33mnode_modules/.pnpm/@radix-ui+react-focus-guards@1.1.3_@types+react@19.2.7_react@19.2.3/node_modules/@radix-ui/react-focus-guards/dist/index.mjs[39m
[90m│[39m  [33m(1:0): Module level directives cause errors when bundled, "use client"[39m
[90m│[39m  [33min[39m
[90m│[39m  [33m"node_modules/.pnpm/@radix-ui+react-focus-guards@1.1.3_@types+react@19.2.7_react@19.2.3/node_modules/@radix-ui/react-focus-guards/dist/index.mjs"[39m
[90m│[39m  [33mwas ignored.[39m
[90m│[39m
[33m▲[39m  [43mVite[49m
[90m│[39m  [33mnode_modules/.pnpm/@radix-ui+react-popper@1.2.8_@types+react-dom@19.2.3_@types+react@19.2.7__@types+react@_4468d6b8a14aa8e01a5fa6b59b3b35ec/node_modules/@radix-ui/react-popper/dist/index.mjs[39m
[90m│[39m  [33m(1:0): Module level directives cause errors when bundled, "use client"[39m
[90m│[39m  [33min[39m
[90m│[39m  [33m"node_modules/.pnpm/@radix-ui+react-popper@1.2.8_@types+react-dom@19.2.3_@types+react@19.2.7__@types+react@_4468d6b8a14aa8e01a5fa6b59b3b35ec/node_modules/@radix-ui/react-popper/dist/index.mjs"[39m
[90m│[39m  [33mwas ignored.[39m
[90m│[39m
[33m▲[39m  [43mVite[49m
[90m│[39m  [33mnode_modules/.pnpm/@radix-ui+react-roving-focus@1.1.11_@types+react-dom@19.2.3_@types+react@19.2.7__@types_15baa560c953bc49315682e94c801f68/node_modules/@radix-ui/react-roving-focus/dist/index.mjs[39m
[90m│[39m  [33m(1:0): Module level directives cause errors when bundled, "use client"[39m
[90m│[39m  [33min[39m
[90m│[39m  [33m"node_modules/.pnpm/@radix-ui+react-roving-focus@1.1.11_@types+react-dom@19.2.3_@types+react@19.2.7__@types_15baa560c953bc49315682e94c801f68/node_modules/@radix-ui/react-roving-focus/dist/index.mjs"[39m
[90m│[39m  [33mwas ignored.[39m
[90m│[39m
[33m▲[39m  [43mVite[49m
[90m│[39m  [33mnode_modules/.pnpm/@radix-ui+react-menu@2.1.16_@types+react-dom@19.2.3_@types+react@19.2.7__@types+react@1_29de2434e7d88997dbc2ca0d34462146/node_modules/@radix-ui/react-menu/dist/index.mjs[39m
[90m│[39m  [33m(1:0): Module level directives cause errors when bundled, "use client"[39m
[90m│[39m  [33min[39m
[90m│[39m  [33m"node_modules/.pnpm/@radix-ui+react-menu@2.1.16_@types+react-dom@19.2.3_@types+react@19.2.7__@types+react@1_29de2434e7d88997dbc2ca0d34462146/node_modules/@radix-ui/react-menu/dist/index.mjs"[39m
[90m│[39m  [33mwas ignored.[39m
[90m│[39m
[33m▲[39m  [43mVite[49m [33msrc/components/results/regulatory-references.tsx (1:0): Error[39m
[90m│[39m  [33mwhen using sourcemap for reporting an error: Can't resolve original[39m
[90m│[39m  [33mlocation of error.[39m
[90m│[39m
[33m▲[39m  [43mVite[49m [33msrc/components/results/regulatory-references.tsx (1:0): Module[39m
[90m│[39m  [33mlevel directives cause errors when bundled, "use client" in[39m
[90m│[39m  [33m"src/components/results/regulatory-references.tsx" was ignored.[39m
[90m│[39m
[33m▲[39m  [43mVite[49m [33msrc/components/upload/simulation-controls.tsx (1:0): Error when[39m
[90m│[39m  [33musing sourcemap for reporting an error: Can't resolve original[39m
[90m│[39m  [33mlocation of error.[39m
[90m│[39m
[33m▲[39m  [43mVite[49m [33msrc/components/upload/simulation-controls.tsx (1:0): Module level[39m
[90m│[39m  [33mdirectives cause errors when bundled, "use client" in[39m
[90m│[39m  [33m"src/components/upload/simulation-controls.tsx" was ignored.[39m
[90m│[39m
[33m▲[39m  [43mVite[49m [33m[plugin vite:resolve] Module "node:module" has been externalized[39m
[90m│[39m  [33mfor browser compatibility, imported by[39m
[90m│[39m  [33m"/Users/afla/Documents/GitHub/proposal-prepper-legacy/node_modules/.pnpm/vite@7.2.7_@types+node@25.0.2_jiti@2.6.1_lightningcss@1.30.2_terser@5.44.1_tsx@4.21.0_yaml@2.8.2/node_modules/vite/dist/node/module-runner.js".[39m
[90m│[39m  [33mSee[39m
[90m│[39m  [33m]8;;https://vite.dev/guide/troubleshooting.html#module-externalized-for-browser-compatibilityhttps://vite.dev/guide/troubleshooting.html#module-externalized-for-browser-compatibility]8;;[39m
[90m│[39m  [33mfor more details.[39m
[90m│[39m
[33m▲[39m  [43mVite[49m [33msrc/components/issues/issue-list.tsx (1:0): Error when using[39m
[90m│[39m  [33msourcemap for reporting an error: Can't resolve original location of[39m
[90m│[39m  [33merror.[39m
[90m│[39m
[33m▲[39m  [43mVite[49m [33msrc/components/issues/issue-list.tsx (1:0): Module level[39m
[90m│[39m  [33mdirectives cause errors when bundled, "use client" in[39m
[90m│[39m  [33m"src/components/issues/issue-list.tsx" was ignored.[39m
[90m│[39m
[33m▲[39m  [43mVite[49m [33msrc/components/issues/issue-details.tsx (1:0): Error when using[39m
[90m│[39m  [33msourcemap for reporting an error: Can't resolve original location of[39m
[90m│[39m  [33merror.[39m
[90m│[39m
[33m▲[39m  [43mVite[49m [33msrc/components/issues/issue-details.tsx (1:0): Module level[39m
[90m│[39m  [33mdirectives cause errors when bundled, "use client" in[39m
[90m│[39m  [33m"src/components/issues/issue-details.tsx" was ignored.[39m
[90m│[39m
[33m▲[39m  [43mVite[49m [33msrc/components/issues/issue-location-viewer.tsx (1:0): Error when[39m
[90m│[39m  [33musing sourcemap for reporting an error: Can't resolve original[39m
[90m│[39m  [33mlocation of error.[39m
[90m│[39m
[33m▲[39m  [43mVite[49m [33msrc/components/issues/issue-location-viewer.tsx (1:0): Module[39m
[90m│[39m  [33mlevel directives cause errors when bundled, "use client" in[39m
[90m│[39m  [33m"src/components/issues/issue-location-viewer.tsx" was ignored.[39m
[90m│[39m  [43mVite[49m [32m✓[39m 5009 modules transformed.
[90m│[39m  [43mVite[49m rendering chunks...
[90m│[39m  [43mVite[49m computing gzip size...
[90m│[39m  [43mVite[49m
[90m│[39m  [2m../../../../../var/folders/gv/_q9v34b10f70858ngmstqn840000gn/T/chromatic--74608-FNnI1J0WXdO2/[22m[32miframe.html[39m[1m[2m[22m
[90m│[39m  [2m18.14 kB[22m[1m[22m[2m │ gzip:   5.09 kB[22m
[90m│[39m  [43mVite[49m
[90m│[39m  [2m../../../../../var/folders/gv/_q9v34b10f70858ngmstqn840000gn/T/chromatic--74608-FNnI1J0WXdO2/[22m[2massets/[22m[35miframe-CNvu4iR4.css[39m[1m[2m[22m
[90m│[39m  [2m52.29 kB[22m[1m[22m[2m │ gzip:   9.72 kB[22m
[90m│[39m  [43mVite[49m
[90m│[39m  [2m../../../../../var/folders/gv/_q9v34b10f70858ngmstqn840000gn/T/chromatic--74608-FNnI1J0WXdO2/[22m[2massets/[22m[36mloader-circle-BKISjBjg.js[39m[1m[2m[22m
[90m│[39m  [2m0.14 kB[22m[1m[22m[2m │ gzip:   0.15 kB[22m
[90m│[39m  [43mVite[49m
[90m│[39m  [2m../../../../../var/folders/gv/_q9v34b10f70858ngmstqn840000gn/T/chromatic--74608-FNnI1J0WXdO2/[22m[2massets/[22m[36mcircle-check-Dn-xxVpl.js[39m[1m[2m[22m
[90m│[39m  [2m0.17 kB[22m[1m[22m[2m │ gzip:   0.16 kB[22m
[90m│[39m  [43mVite[49m
[90m│[39m  [2m../../../../../var/folders/gv/_q9v34b10f70858ngmstqn840000gn/T/chromatic--74608-FNnI1J0WXdO2/[22m[2massets/[22m[36mdownload-DLJT9cSU.js[39m[1m[2m[22m
[90m│[39m  [2m0.26 kB[22m[1m[22m[2m │ gzip:   0.21 kB[22m
[90m│[39m  [43mVite[49m
[90m│[39m  [2m../../../../../var/folders/gv/_q9v34b10f70858ngmstqn840000gn/T/chromatic--74608-FNnI1J0WXdO2/[22m[2massets/[22m[36mjsx-runtime-u17CrQMm.js[39m[1m[2m[22m
[90m│[39m  [2m0.48 kB[22m[1m[22m[2m │ gzip:   0.31 kB[22m
[90m│[39m  [43mVite[49m
[90m│[39m  [2m../../../../../var/folders/gv/_q9v34b10f70858ngmstqn840000gn/T/chromatic--74608-FNnI1J0WXdO2/[22m[2massets/[22m[36mfile-text-CXBNBG5f.js[39m[1m[2m[22m
[90m│[39m  [2m0.67 kB[22m[1m[22m[2m │ gzip:   0.37 kB[22m
[90m│[39m  [43mVite[49m
[90m│[39m  [2m../../../../../var/folders/gv/_q9v34b10f70858ngmstqn840000gn/T/chromatic--74608-FNnI1J0WXdO2/[22m[2massets/[22m[36mcreateLucideIcon-C0r3GnNz.js[39m[1m[2m[22m
[90m│[39m  [2m1.17 kB[22m[1m[22m[2m │ gzip:   0.69 kB[22m
[90m│[39m  [43mVite[49m
[90m│[39m  [2m../../../../../var/folders/gv/_q9v34b10f70858ngmstqn840000gn/T/chromatic--74608-FNnI1J0WXdO2/[22m[2massets/[22m[36mpreload-helper-PPVm8Dsz.js[39m[1m[2m[22m
[90m│[39m  [2m1.23 kB[22m[1m[22m[2m │ gzip:   0.72 kB[22m
[90m│[39m  [43mVite[49m
[90m│[39m  [2m../../../../../var/folders/gv/_q9v34b10f70858ngmstqn840000gn/T/chromatic--74608-FNnI1J0WXdO2/[22m[2massets/[22m[36mindex-n2oVrkk7.js[39m[1m[2m[22m
[90m│[39m  [2m3.66 kB[22m[1m[22m[2m │ gzip:   1.38 kB[22m
[90m│[39m  [43mVite[49m
[90m│[39m  [2m../../../../../var/folders/gv/_q9v34b10f70858ngmstqn840000gn/T/chromatic--74608-FNnI1J0WXdO2/[22m[2massets/[22m[36mtop-bar.stories-DU5TWVZc.js[39m[1m[2m[22m
[90m│[39m  [2m4.77 kB[22m[1m[22m[2m │ gzip:   1.79 kB[22m
[90m│[39m  [43mVite[49m
[90m│[39m  [2m../../../../../var/folders/gv/_q9v34b10f70858ngmstqn840000gn/T/chromatic--74608-FNnI1J0WXdO2/[22m[2massets/[22m[36msidebar.stories-cCfxZOsm.js[39m[1m[2m[22m
[90m│[39m  [2m6.88 kB[22m[1m[22m[2m │ gzip:   2.45 kB[22m
[90m│[39m  [43mVite[49m
[90m│[39m  [2m../../../../../var/folders/gv/_q9v34b10f70858ngmstqn840000gn/T/chromatic--74608-FNnI1J0WXdO2/[22m[2massets/[22m[36mreport-preview.stories--WCFLhln.js[39m[1m[2m[22m
[90m│[39m  [2m7.03 kB[22m[1m[22m[2m │ gzip:   2.37 kB[22m
[90m│[39m  [43mVite[49m
[90m│[39m  [2m../../../../../var/folders/gv/_q9v34b10f70858ngmstqn840000gn/T/chromatic--74608-FNnI1J0WXdO2/[22m[2massets/[22m[36manalysis-steps.stories-Yb6orhSb.js[39m[1m[2m[22m
[90m│[39m  [2m7.86 kB[22m[1m[22m[2m │ gzip:   2.39 kB[22m
[90m│[39m  [43mVite[49m
[90m│[39m  [2m../../../../../var/folders/gv/_q9v34b10f70858ngmstqn840000gn/T/chromatic--74608-FNnI1J0WXdO2/[22m[2massets/[22m[36magent-interface.stories-yx5-zEGr.js[39m[1m[2m[22m
[90m│[39m  [2m8.23 kB[22m[1m[22m[2m │ gzip:   2.88 kB[22m
[90m│[39m  [43mVite[49m
[90m│[39m  [2m../../../../../var/folders/gv/_q9v34b10f70858ngmstqn840000gn/T/chromatic--74608-FNnI1J0WXdO2/[22m[2massets/[22m[36mchat-input.stories-BB_mMAwx.js[39m[1m[2m[22m
[90m│[39m  [2m8.36 kB[22m[1m[22m[2m │ gzip:   2.65 kB[22m
[90m│[39m  [43mVite[49m
[90m│[39m  [2m../../../../../var/folders/gv/_q9v34b10f70858ngmstqn840000gn/T/chromatic--74608-FNnI1J0WXdO2/[22m[2massets/[22m[36mtwo-panel-layout.stories-CgJT4Xxo.js[39m[1m[2m[22m
[90m│[39m  [2m9.21 kB[22m[1m[22m[2m │ gzip:   2.73 kB[22m
[90m│[39m  [43mVite[49m
[90m│[39m  [2m../../../../../var/folders/gv/_q9v34b10f70858ngmstqn840000gn/T/chromatic--74608-FNnI1J0WXdO2/[22m[2massets/[22m[36mapp-header.stories-CH39zlOC.js[39m[1m[2m[22m
[90m│[39m  [2m11.07 kB[22m[1m[22m[2m │ gzip:   3.45 kB[22m
[90m│[39m  [43mVite[49m
[90m│[39m  [2m../../../../../var/folders/gv/_q9v34b10f70858ngmstqn840000gn/T/chromatic--74608-FNnI1J0WXdO2/[22m[2massets/[22m[36mupload-manager-Cbp4Zc0Q.js[39m[1m[2m[22m
[90m│[39m  [2m14.36 kB[22m[1m[22m[2m │ gzip:   5.19 kB[22m
[90m│[39m  [43mVite[49m
[90m│[39m  [2m../../../../../var/folders/gv/_q9v34b10f70858ngmstqn840000gn/T/chromatic--74608-FNnI1J0WXdO2/[22m[2massets/[22m[36mupload-workflow.stories-D0szPzn2.js[39m[1m[2m[22m
[90m│[39m  [2m15.48 kB[22m[1m[22m[2m │ gzip:   4.91 kB[22m
[90m│[39m  [43mVite[49m
[90m│[39m  [2m../../../../../var/folders/gv/_q9v34b10f70858ngmstqn840000gn/T/chromatic--74608-FNnI1J0WXdO2/[22m[2massets/[22m[36manalysis-coordinator.stories-C3Rl2TQY.js[39m[1m[2m[22m
[90m│[39m  [2m18.17 kB[22m[1m[22m[2m │ gzip:   5.35 kB[22m
[90m│[39m  [43mVite[49m
[90m│[39m  [2m../../../../../var/folders/gv/_q9v34b10f70858ngmstqn840000gn/T/chromatic--74608-FNnI1J0WXdO2/[22m[2massets/[22m[36mresults-service-D9g7A8xZ.js[39m[1m[2m[22m
[90m│[39m  [2m19.83 kB[22m[1m[22m[2m │ gzip:   6.40 kB[22m
[90m│[39m  [43mVite[49m
[90m│[39m  [2m../../../../../var/folders/gv/_q9v34b10f70858ngmstqn840000gn/T/chromatic--74608-FNnI1J0WXdO2/[22m[2massets/[22m[36mupload-manager.stories-BE6nXh0T.js[39m[1m[2m[22m
[90m│[39m  [2m23.11 kB[22m[1m[22m[2m │ gzip:   5.82 kB[22m
[90m│[39m  [43mVite[49m
[90m│[39m  [2m../../../../../var/folders/gv/_q9v34b10f70858ngmstqn840000gn/T/chromatic--74608-FNnI1J0WXdO2/[22m[36mvite-inject-mocker-entry.js[39m[1m[2m[22m
[90m│[39m  [2m28.30 kB[22m[1m[22m[2m │ gzip:   9.78 kB[22m
[90m│[39m  [43mVite[49m
[90m│[39m  [2m../../../../../var/folders/gv/_q9v34b10f70858ngmstqn840000gn/T/chromatic--74608-FNnI1J0WXdO2/[22m[2massets/[22m[36mmatchers-DMFSMG2O-HJu_DfWo.js[39m[1m[2m[22m
[90m│[39m  [2m29.23 kB[22m[1m[22m[2m │ gzip:  10.00 kB[22m
[90m│[39m  [43mVite[49m
[90m│[39m  [2m../../../../../var/folders/gv/_q9v34b10f70858ngmstqn840000gn/T/chromatic--74608-FNnI1J0WXdO2/[22m[2massets/[22m[36mresults-presenter.stories-Bpc30FdY.js[39m[1m[2m[22m
[90m│[39m  [2m36.72 kB[22m[1m[22m[2m │ gzip:   8.47 kB[22m
[90m│[39m  [43mVite[49m
[90m│[39m  [2m../../../../../var/folders/gv/_q9v34b10f70858ngmstqn840000gn/T/chromatic--74608-FNnI1J0WXdO2/[22m[2massets/[22m[36mreact-18-ByAXFJGi.js[39m[1m[2m[22m
[90m│[39m  [2m181.27 kB[22m[1m[22m[2m │ gzip:  56.99 kB[22m
[90m│[39m  [43mVite[49m
[90m│[39m  [2m../../../../../var/folders/gv/_q9v34b10f70858ngmstqn840000gn/T/chromatic--74608-FNnI1J0WXdO2/[22m[2massets/[22m[36mindex-DAQMVcDQ.js[39m[1m[2m[22m
[90m│[39m  [2m274.37 kB[22m[1m[22m[2m │ gzip:  81.94 kB[22m
[90m│[39m  [43mVite[49m
[90m│[39m  [2m../../../../../var/folders/gv/_q9v34b10f70858ngmstqn840000gn/T/chromatic--74608-FNnI1J0WXdO2/[22m[2massets/[22m[36maxe-C57uN7xV.js[39m[1m[2m[22m
[90m│[39m  [2m578.28 kB[22m[1m[22m[2m │ gzip: 158.85 kB[22m
[90m│[39m  [43mVite[49m
[90m│[39m  [2m../../../../../var/folders/gv/_q9v34b10f70858ngmstqn840000gn/T/chromatic--74608-FNnI1J0WXdO2/[22m[2massets/[22m[36miframe-BrJnpzpu.js[39m
[90m│[39m  [36m[39m[1m[33m1,742.79 kB[39m[22m[2m │ gzip: 460.81 kB[22m
[90m│[39m
[33m▲[39m  [43mVite[49m[33m
[90m│[39m  (!) Some chunks are larger than 1000 kB after minification. Consider:
[90m│[39m  - Using dynamic import() to code-split the application
[90m│[39m  - Use build.rollupOptions.output.manualChunks to improve chunking:
[90m│[39m  ]8;;https://rollupjs.org/configuration-options/#output-manualchunkshttps://rollupjs.org/configuration-options/#output-manualchunks]8;;
[90m│[39m  - Adjust chunk size limit for this warning via
[90m│[39m  build.chunkSizeWarningLimit.[39m
[90m│[39m  [43mVite[49m [32m✓ built in 7.62s[39m
[90m│[39m
[32m◇[39m  Output directory:
[90m│[39m  /var/folders/gv/_q9v34b10f70858ngmstqn840000gn/T/chromatic--74608-FNnI1J0WXdO2
[90m│[39m
[90m└[39m  Storybook build completed successfully

